=== Suite started at 2015-07-20 11:28:05
=== Starting test, 9 test cases
=cases         9
=user          ludwikbukowski
=host          nohost
=hosts         nohost 
=emulator_vsn  6.4
=emulator      beam
=otp_release   17
=started       2015-07-20 11:28:05
=case          basic_SUITE:init_per_suite
=logfile       basic_suite.init_per_suite.html
=started       2015-07-20 11:28:05
=ended         2015-07-20 11:28:05
=result        ok
=elapsed       0.005419
=case          basic_SUITE:simple_test
=logfile       basic_suite.simple_test.html
=started       2015-07-20 11:28:05
=ended         2015-07-20 11:28:05
=result        ok
=elapsed       1.0e-6
=case          basic_SUITE:init_per_group
=logfile       basic_suite.init_per_group.html
=group_props   [{name,communication},sequence]
=started       2015-07-20 11:28:05
=ended         2015-07-20 11:28:05
=result        ok
=elapsed       0.070431
=case          basic_SUITE:check_port_test
=logfile       basic_suite.check_port_test.html
=started       2015-07-20 11:28:05
=ended         2015-07-20 11:28:05
=result        ok
=elapsed       1.0e-6
=case          basic_SUITE:driver_receive_test
=logfile       basic_suite.driver_receive_test.html
=started       2015-07-20 11:28:05
=ended         2015-07-20 11:28:05
=result        failed: {badarg,
                           [{basic_SUITE,driver_receive_test,1,
                                [{file,
                                     "/Users/ludwikbukowski/Desktop/Intel/_build/test/lib/iot/test/basic_SUITE.erl"},
                                 {line,66}]},
                            {test_server,ts_tc,3,
                                [{file,"test_server.erl"},{line,1429}]},
                            {test_server,run_test_case_eval1,6,
                                [{file,"test_server.erl"},{line,1026}]},
                            {test_server,run_test_case_eval,9,
                                [{file,"test_server.erl"},{line,968}]}]}, [{basic_SUITE,
                                                                            driver_receive_test,
                                                                            66},
                                                                           {test_server,
                                                                            ts_tc,
                                                                            1429},
                                                                           {test_server,
                                                                            run_test_case_eval1,
                                                                            1026},
                                                                           {test_server,
                                                                            run_test_case_eval,
                                                                            968}]
=== *** FAILED test case 3 of 9 ***
=== 
=case          basic_SUITE:var_receive_test
=group_props   [{name,"communication"}]
=started       2015-07-20 11:28:05
=result        auto_skipped: {failed,{basic_SUITE,driver_receive_test}}
=== *** Skipping test case #4 {basic_SUITE,var_receive_test} ***
=== 
=case          basic_SUITE:pass_data_test
=group_props   [{name,"communication"}]
=started       2015-07-20 11:28:05
=result        auto_skipped: {failed,{basic_SUITE,driver_receive_test}}
=== *** Skipping test case #5 {basic_SUITE,pass_data_test} ***
=== 
=case          basic_SUITE:driver_send_test1
=group_props   [{name,"communication"}]
=started       2015-07-20 11:28:05
=result        auto_skipped: {failed,{basic_SUITE,driver_receive_test}}
=== *** Skipping test case #6 {basic_SUITE,driver_send_test1} ***
=== 
=case          basic_SUITE:driver_send_test2
=group_props   [{name,"communication"}]
=started       2015-07-20 11:28:05
=result        auto_skipped: {failed,{basic_SUITE,driver_receive_test}}
=== *** Skipping test case #7 {basic_SUITE,driver_send_test2} ***
=== 
=case          basic_SUITE:whole_echo_test
=group_props   [{name,"communication"}]
=started       2015-07-20 11:28:05
=result        auto_skipped: {failed,{basic_SUITE,driver_receive_test}}
=== *** Skipping test case #8 {basic_SUITE,whole_echo_test} ***
=== 
=case          basic_SUITE:close_port_test
=group_props   [{name,"communication"}]
=started       2015-07-20 11:28:05
=result        auto_skipped: {failed,{basic_SUITE,driver_receive_test}}
=== *** Skipping test case #9 {basic_SUITE,close_port_test} ***
=case          basic_SUITE:end_per_group
=logfile       basic_suite.end_per_group.html
=group_props   [{name,communication},sequence]
=started       2015-07-20 11:28:05
=ended         2015-07-20 11:28:06
=result        failed: {noproc,{gen_server,call,[driver_server,closeport]}}, [{gen_server,
                                                                               call,
                                                                               182},
                                                                              {basic_SUITE,
                                                                               end_per_group,
                                                                               48},
                                                                              {test_server,
                                                                               ts_tc,
                                                                               1429},
                                                                              {test_server,
                                                                               run_test_case_eval1,
                                                                               1099},
                                                                              {test_server,
                                                                               run_test_case_eval,
                                                                               968}]
=== *** FAILED {basic_SUITE,end_per_group} ***
=group_time    0.197s
=case          basic_SUITE:end_per_suite
=logfile       basic_suite.end_per_suite.html
=started       2015-07-20 11:28:06
=ended         2015-07-20 11:28:06
=result        ok
=elapsed       6.49e-4
=group_time    0.299s
=== TEST COMPLETE, 2 ok, 1 failed, 6 skipped of 9 test cases

=finished      2015-07-20 11:28:06
=failed        1
=successful    2
=user_skipped  0
=auto_skipped  6
